<?xml version="1.0" encoding="UTF-8"?>
<!-- Generated by org.testng.reporters.JUnitReportReporter -->
<testsuite hostname="KHASIM" failures="0" tests="1" name="actualTC.VerifyTitleofHomepage" time="0.699" errors="0" timestamp="2024-05-01T16:02:14 IST" skipped="0">
  <testcase classname="actualTC.VerifyTitleofHomepage" name="TC" time="0.699"/>
  <system-out/>
</testsuite> <!-- actualTC.VerifyTitleofHomepage -->
